<?xml version="1.0" encoding="UTF-8"?>
<!-- Generated by org.testng.reporters.JUnitReportReporter -->
<testsuite skipped="0" hostname="B1020856" name="Peugeot.LeadsJenkinsTest" tests="1" failures="0" timestamp="2019-11-22T16:49:50 CET" time="58.061" errors="0">
  <testcase name="Litetest" time="58.061" classname="Peugeot.LeadsJenkinsTest"/>
</testsuite> <!-- Peugeot.LeadsJenkinsTest -->
